2014-02-05 15:39:25 priority="Error" message="DHCP RENEW WARNING - Field invalid in response v4 option;CM-MAC=a4:7a:a4:72:4a:7"
2014-02-05 03:40:10 priority="Critical" message="Received Response to Broadcast Maintenance Request, But no Unicast Maintenance o"
2014-02-05 03:39:30 priority="Notice" message="TLV-11 - unrecognized OID;CM-MAC=a4:7a:a4:72:4a:7d;CMTS-MAC=00:21:a0:fb:c1:8e;CM"
1970-01-01 00:00:29 priority="Warning" message="DHCP WARNING - Non-critical field invalid in response ;CM-MAC=a4:7a:a4:72:4a:7d;"
2014-01-23 03:16:12 priority="Critical" message="DHCP FAILED - Discover sent, no offer received;CM-MAC=a4:7a:a4:72:4a:7d;CMTS-MAC"
2014-01-23 03:16:00 priority="Critical" message="SYNC Timing Synchronization failure - Failed to acquire QAM/QPSK symbol timing;;"
2014-01-23 03:14:35 priority="Critical" message="TFTP Request Retries exceeded, CM unable to register "
2014-01-23 03:14:35 priority="Critical" message="TFTP failed - Request sent - No Response;CM-MAC=a4:7a:a4:72:4a:7d;CMTS-MAC=00:21"
2014-01-23 03:13:59 priority="Critical" message="DHCP FAILED - Request sent, No response;CM-MAC=a4:7a:a4:72:4a:7d;CMTS-MAC=00:21:"
2014-01-23 03:12:22 priority="Critical" message="DHCP FAILED - Discover sent, no offer received;CM-MAC=a4:7a:a4:72:4a:7d;CMTS-MAC"
2014-01-23 03:12:01 priority="Critical" message="SYNC Timing Synchronization failure - Failed to acquire QAM/QPSK symbol timing;;"
2014-01-23 03:10:34 priority="Critical" message="DHCP FAILED - Discover sent, no offer received;CM-MAC=a4:7a:a4:72:4a:7d;CMTS-MAC"
2014-01-23 03:08:21 priority="Critical" message="SYNC Timing Synchronization failure - Failed to acquire QAM/QPSK symbol timing;;"
2014-01-23 03:06:57 priority="Critical" message="DHCP FAILED - Discover sent, no offer received;CM-MAC=a4:7a:a4:72:4a:7d;CMTS-MAC"
2014-01-23 03:03:37 priority="Critical" message="SYNC Timing Synchronization failure - Failed to acquire QAM/QPSK symbol timing;;"
2014-01-23 02:59:13 priority="Critical" message="SYNC Timing Synchronization failure - Failed to acquire FEC framing;CM-MAC=a4:7a"
2014-01-23 02:59:13 priority="Critical" message="SYNC Timing Synchronization failure - Failed to acquire QAM/QPSK symbol timing;;"
2014-01-23 02:56:13 priority="Critical" message="SYNC Timing Synchronization failure - Failed to acquire FEC framing;CM-MAC=a4:7a"
2014-01-23 02:56:13 priority="Critical" message="SYNC Timing Synchronization failure - Failed to acquire QAM/QPSK symbol timing;;"
2014-01-23 02:55:54 priority="Critical" message="SYNC Timing Synchronization failure - Failed to acquire FEC framing;CM-MAC=a4:7a"
2014-01-23 02:55:52 priority="Critical" message="SYNC Timing Synchronization failure - Failed to acquire QAM/QPSK symbol timing;;"
2014-01-23 02:49:00 priority="Critical" message="SYNC Timing Synchronization failure - Failed to acquire FEC framing;CM-MAC=a4:7a"
2014-01-23 02:48:59 priority="Critical" message="SYNC Timing Synchronization failure - Failed to acquire QAM/QPSK symbol timing;;"
2014-01-23 02:48:55 priority="Critical" message="SYNC Timing Synchronization failure - Failed to acquire FEC framing;CM-MAC=a4:7a"
2014-01-23 02:48:54 priority="Critical" message="SYNC Timing Synchronization failure - Failed to acquire QAM/QPSK symbol timing;;"
2014-01-23 02:48:51 priority="Critical" message="SYNC Timing Synchronization failure - Failed to acquire FEC framing;CM-MAC=a4:7a"
2014-01-23 02:48:50 priority="Critical" message="SYNC Timing Synchronization failure - Failed to acquire QAM/QPSK symbol timing;;"
2014-01-23 02:47:25 priority="Critical" message="SYNC Timing Synchronization failure - Failed to acquire FEC framing;CM-MAC=a4:7a"
2014-01-23 02:47:25 priority="Critical" message="SYNC Timing Synchronization failure - Failed to acquire QAM/QPSK symbol timing;;"
2014-01-23 02:45:18 priority="Critical" message="SYNC Timing Synchronization failure - Failed to acquire FEC framing;CM-MAC=a4:7a"
2014-01-23 02:45:17 priority="Critical" message="SYNC Timing Synchronization failure - Failed to acquire QAM/QPSK symbol timing;;"
2014-01-23 02:36:33 priority="Critical" message="SYNC Timing Synchronization failure - Failed to acquire FEC framing;CM-MAC=a4:7a"
2014-01-23 02:36:32 priority="Critical" message="SYNC Timing Synchronization failure - Failed to acquire QAM/QPSK symbol timing;;"
2014-01-23 02:34:23 priority="Critical" message="SYNC Timing Synchronization failure - Failed to acquire FEC framing;CM-MAC=a4:7a"
2014-01-23 02:34:22 priority="Critical" message="SYNC Timing Synchronization failure - Failed to acquire QAM/QPSK symbol timing;;"
2014-01-23 02:34:21 priority="Critical" message="SYNC Timing Synchronization failure - Failed to acquire QAM/QPSK symbol timing;;"
2014-01-23 02:34:20 priority="Critical" message="Received Response to Broadcast Maintenance Request, But no Unicast Maintenance o"
2014-01-23 02:34:20 priority="Critical" message="SYNC Timing Synchronization failure - Failed to acquire QAM/QPSK symbol timing;;"
2014-01-23 02:33:13 priority="Critical" message="Received Response to Broadcast Maintenance Request, But no Unicast Maintenance o"
2014-01-23 02:33:13 priority="Critical" message="SYNC Timing Synchronization failure - Failed to acquire QAM/QPSK symbol timing;;"
2014-01-23 02:32:57 priority="Critical" message="Received Response to Broadcast Maintenance Request, But no Unicast Maintenance o"
2014-01-23 02:32:57 priority="Critical" message="SYNC Timing Synchronization failure - Failed to acquire QAM/QPSK symbol timing;;"
2014-01-23 02:32:42 priority="Critical" message="Received Response to Broadcast Maintenance Request, But no Unicast Maintenance o"
2014-01-23 02:32:42 priority="Critical" message="SYNC Timing Synchronization failure - Failed to acquire QAM/QPSK symbol timing;;"
2014-01-23 02:31:51 priority="Critical" message="SYNC Timing Synchronization failure - Failed to acquire QAM/QPSK symbol timing;;"
2014-01-23 02:31:45 priority="Critical" message="SYNC Timing Synchronization failure - Failed to acquire QAM/QPSK symbol timing;;"
2014-01-23 01:15:53 priority="Critical" message="Received Response to Broadcast Maintenance Request, But no Unicast Maintenance o"
2014-01-23 01:14:48 priority="Critical" message="Unicast Ranging Received Abort Response - Re-initializing MAC;CM-MAC=a4:7a:a4:72"
2014-01-20 14:20:57 priority="Critical" message="Received Response to Broadcast Maintenance Request, But no Unicast Maintenance o"
1970-01-01 00:00:23 priority="Critical" message="No Ranging Response received - T3 time-out "
1970-01-01 00:00:37 priority="Critical" message="DHCP FAILED - Discover sent, no offer received;CM-MAC=a4:7a:a4:72:4a:7d;CMTS-MAC"
1970-01-01 00:00:22 priority="Critical" message="No Ranging Response received - T3 time-out "
2014-01-16 14:33:16 priority="Critical" message="Resetting the cable modem due to docsDevResetNow"
2014-01-16 14:32:44 priority="Critical" message="Received Response to Broadcast Maintenance Request, But no Unicast Maintenance o"
2014-01-16 14:31:38 priority="Critical" message="Unicast Ranging Received Abort Response - Re-initializing MAC;CM-MAC=a4:7a:a4:72"
2014-01-13 13:43:43 priority="Critical" message="Received Response to Broadcast Maintenance Request, But no Unicast Maintenance o"
1970-01-01 00:00:31 priority="Critical" message="No Ranging Response received - T3 time-out "
2014-01-12 16:46:38 priority="Critical" message="REG RSP not received;CM-MAC=a4:7a:a4:72:4a:7d;CMTS-MAC=00:21:a0:fb:c1:8e;CM-QOS="
1970-01-01 01:47:07 priority="Critical" message="SYNC Timing Synchronization failure - Failed to acquire QAM/QPSK symbol timing;;"
1970-01-01 01:45:43 priority="Critical" message="No UCDs Received - Timeout;;CM-MAC=a4:7a:a4:72:4a:7d;CMTS-MAC=00:21:a0:fb:c1:8e;"
1970-01-01 01:45:29 priority="Critical" message="SYNC Timing Synchronization failure - Failed to acquire QAM/QPSK symbol timing;;"
1970-01-01 01:44:05 priority="Critical" message="No UCDs Received - Timeout;;CM-MAC=a4:7a:a4:72:4a:7d;CMTS-MAC=00:21:a0:fb:c1:8e;"
1970-01-01 01:43:52 priority="Critical" message="SYNC Timing Synchronization failure - Failed to acquire QAM/QPSK symbol timing;;"
1970-01-01 01:43:44 priority="Critical" message="SYNC Timing Synchronization failure - Failed to acquire FEC framing;CM-MAC=a4:7a"
1970-01-01 01:43:43 priority="Critical" message="SYNC Timing Synchronization failure - Failed to acquire QAM/QPSK symbol timing;;"
1970-01-01 01:43:25 priority="Critical" message="SYNC Timing Synchronization failure - Failed to acquire FEC framing;CM-MAC=a4:7a"
1970-01-01 01:43:24 priority="Critical" message="SYNC Timing Synchronization failure - Failed to acquire QAM/QPSK symbol timing;;"
1970-01-01 01:43:03 priority="Critical" message="No UCDs Received - Timeout;;CM-MAC=a4:7a:a4:72:4a:7d;CMTS-MAC=00:21:a0:fb:c1:8e;"
1970-01-01 01:42:50 priority="Critical" message="SYNC Timing Synchronization failure - Failed to acquire QAM/QPSK symbol timing;;"
1970-01-01 01:42:28 priority="Critical" message="SYNC Timing Synchronization failure - Failed to acquire QAM/QPSK symbol timing;;"
1970-01-01 01:42:19 priority="Critical" message="SYNC Timing Synchronization failure - Failed to acquire QAM/QPSK symbol timing;;"
1970-01-01 01:41:19 priority="Critical" message="No UCDs Received - Timeout;;CM-MAC=a4:7a:a4:72:4a:7d;CMTS-MAC=00:21:a0:fb:c1:8e;"
1970-01-01 01:41:06 priority="Critical" message="SYNC Timing Synchronization failure - Failed to acquire QAM/QPSK symbol timing;;"
1970-01-01 01:40:31 priority="Critical" message="No UCDs Received - Timeout;;CM-MAC=a4:7a:a4:72:4a:7d;CMTS-MAC=00:21:a0:fb:c1:8e;"
1970-01-01 01:40:17 priority="Critical" message="No UCDs Received - Timeout;;CM-MAC=a4:7a:a4:72:4a:7d;CMTS-MAC=00:21:a0:fb:c1:8e;"
1970-01-01 01:40:04 priority="Critical" message="SYNC Timing Synchronization failure - Failed to acquire QAM/QPSK symbol timing;;"
1970-01-01 01:39:59 priority="Critical" message="No UCDs Received - Timeout;;CM-MAC=a4:7a:a4:72:4a:7d;CMTS-MAC=00:21:a0:fb:c1:8e;"
1970-01-01 01:39:45 priority="Critical" message="SYNC Timing Synchronization failure - Failed to acquire QAM/QPSK symbol timing;;"
1970-01-01 01:39:38 priority="Critical" message="SYNC Timing Synchronization failure - Failed to acquire FEC framing;CM-MAC=a4:7a"
1970-01-01 01:39:38 priority="Critical" message="SYNC Timing Synchronization failure - Failed to acquire QAM/QPSK symbol timing;;"
1970-01-01 01:39:23 priority="Critical" message="No UCDs Received - Timeout;;CM-MAC=a4:7a:a4:72:4a:7d;CMTS-MAC=00:21:a0:fb:c1:8e;"
1970-01-01 01:39:10 priority="Critical" message="SYNC Timing Synchronization failure - Failed to acquire QAM/QPSK symbol timing;;"
1970-01-01 01:38:47 priority="Critical" message="No UCDs Received - Timeout;;CM-MAC=a4:7a:a4:72:4a:7d;CMTS-MAC=00:21:a0:fb:c1:8e;"
1970-01-01 01:38:34 priority="Critical" message="SYNC Timing Synchronization failure - Failed to acquire QAM/QPSK symbol timing;;"
1970-01-01 01:38:13 priority="Critical" message="No UCDs Received - Timeout;;CM-MAC=a4:7a:a4:72:4a:7d;CMTS-MAC=00:21:a0:fb:c1:8e;"
1970-01-01 01:37:59 priority="Critical" message="SYNC Timing Synchronization failure - Failed to acquire QAM/QPSK symbol timing;;"
1970-01-01 01:37:35 priority="Critical" message="No UCDs Received - Timeout;;CM-MAC=a4:7a:a4:72:4a:7d;CMTS-MAC=00:21:a0:fb:c1:8e;"
1970-01-01 01:37:22 priority="Critical" message="SYNC Timing Synchronization failure - Failed to acquire QAM/QPSK symbol timing;;"
1970-01-01 01:37:03 priority="Critical" message="No UCDs Received - Timeout;;CM-MAC=a4:7a:a4:72:4a:7d;CMTS-MAC=00:21:a0:fb:c1:8e;"
1970-01-01 01:36:50 priority="Critical" message="SYNC Timing Synchronization failure - Failed to acquire QAM/QPSK symbol timing;;"
1970-01-01 01:36:30 priority="Critical" message="SYNC Timing Synchronization failure - Failed to acquire FEC framing;CM-MAC=a4:7a"
1970-01-01 01:36:29 priority="Critical" message="SYNC Timing Synchronization failure - Failed to acquire QAM/QPSK symbol timing;;"
1970-01-01 01:36:25 priority="Critical" message="No UCDs Received - Timeout;;CM-MAC=a4:7a:a4:72:4a:7d;CMTS-MAC=00:21:a0:fb:c1:8e;"
1970-01-01 01:36:12 priority="Critical" message="SYNC Timing Synchronization failure - Failed to acquire QAM/QPSK symbol timing;;"
1970-01-01 01:36:07 priority="Critical" message="No UCDs Received - Timeout;;CM-MAC=a4:7a:a4:72:4a:7d;CMTS-MAC=00:21:a0:fb:c1:8e;"
1970-01-01 01:35:53 priority="Critical" message="No UCDs Received - Timeout;;CM-MAC=a4:7a:a4:72:4a:7d;CMTS-MAC=00:21:a0:fb:c1:8e;"
1970-01-01 01:35:39 priority="Critical" message="No UCDs Received - Timeout;;CM-MAC=a4:7a:a4:72:4a:7d;CMTS-MAC=00:21:a0:fb:c1:8e;"
1970-01-01 01:35:25 priority="Critical" message="No UCDs Received - Timeout;;CM-MAC=a4:7a:a4:72:4a:7d;CMTS-MAC=00:21:a0:fb:c1:8e;"
1970-01-01 01:35:13 priority="Critical" message="SYNC Timing Synchronization failure - Failed to acquire QAM/QPSK symbol timing;;"
1970-01-01 01:34:55 priority="Critical" message="No UCDs Received - Timeout;;CM-MAC=a4:7a:a4:72:4a:7d;CMTS-MAC=00:21:a0:fb:c1:8e;"
